TN:
SF:/Library/WebServer/Documents/eleven/src/eleven.js
FN:0,_interopRequireDefault
FNF:1
FNH:1
FNDA:1,_interopRequireDefault
DA:0,1
DA:1,1
DA:2,1
DA:3,1
DA:4,1
DA:5,1
DA:6,1
DA:7,1
DA:8,1
DA:9,1
DA:10,1
LF:11
LH:11
BRDA:0,1,0,1
BRDA:0,1,1,0
BRDA:0,2,0,1
BRDA:0,2,1,1
BRF:4
BRH:4
end_of_record
TN:
SF:/Library/WebServer/Documents/eleven/src/core.js
FN:0,_interopRequireDefault
FN:12,Eleven
FN:17,init
FNF:3
FNH:1
FNDA:1,_interopRequireDefault
FNDA:0,Eleven
FNDA:0,init
DA:0,1
DA:1,1
DA:2,1
DA:4,1
DA:12,1
DA:14,1
DA:18,0
DA:46,0
DA:48,0
DA:50,0
DA:52,0
DA:54,0
DA:56,0
DA:58,0
DA:60,0
DA:62,0
DA:65,0
DA:66,0
DA:67,0
DA:70,0
DA:72,0
DA:74,0
DA:78,1
DA:80,1
LF:24
LH:8
BRDA:0,1,0,1
BRDA:0,1,1,0
BRDA:0,2,0,1
BRDA:0,2,1,1
BRDA:12,3,0,0
BRDA:12,3,1,0
BRDA:48,4,0,0
BRDA:48,4,1,0
BRDA:60,5,0,0
BRDA:60,5,1,0
BRDA:65,6,0,0
BRDA:65,6,1,0
BRF:12
BRH:4
end_of_record
TN:
SF:/Library/WebServer/Documents/eleven/src/common/window.js
FNF:0
FNH:0
DA:0,1
DA:1,1
LF:2
LH:2
BRF:0
BRH:0
end_of_record
TN:
SF:/Library/WebServer/Documents/eleven/src/common/document.js
FN:0,_interopRequireDefault
FNF:1
FNH:1
FNDA:1,_interopRequireDefault
DA:0,1
DA:1,1
DA:3,1
DA:4,1
DA:5,1
DA:7,1
LF:6
LH:6
BRDA:0,1,0,1
BRDA:0,1,1,0
BRDA:0,2,0,1
BRDA:0,2,1,1
BRF:4
BRH:4
end_of_record
TN:
SF:/Library/WebServer/Documents/eleven/src/query/query.js
FN:0,_interopRequireDefault
FNF:1
FNH:1
FNDA:1,_interopRequireDefault
DA:0,1
DA:1,1
DA:2,1
DA:3,1
DA:4,1
DA:5,1
DA:6,1
DA:7,1
DA:8,1
DA:9,1
DA:10,1
DA:11,1
DA:12,1
DA:13,1
DA:14,1
DA:15,1
DA:16,1
DA:17,1
DA:18,1
DA:19,1
DA:20,1
DA:21,1
DA:22,1
DA:23,1
DA:24,1
DA:25,1
DA:26,1
DA:27,1
DA:28,1
DA:29,1
DA:30,1
DA:31,1
DA:32,1
DA:33,1
LF:34
LH:34
BRDA:0,1,0,1
BRDA:0,1,1,0
BRDA:0,2,0,1
BRDA:0,2,1,1
BRF:4
BRH:4
end_of_record
TN:
SF:/Library/WebServer/Documents/eleven/src/query/core.js
FN:0,(anonymous_1)
FN:0,(anonymous_2)
FN:0,_interopRequireDefault
FN:0,_toConsumableArray
FN:15,$
FN:20,init
FN:84,(anonymous_7)
FN:93,(anonymous_8)
FN:98,(anonymous_9)
FN:109,(anonymous_10)
FN:147,(anonymous_11)
FN:165,camelCase
FN:165,(anonymous_13)
FN:172,each
FN:179,(anonymous_15)
FN:197,dasherize
FN:205,debounce
FN:215,(anonymous_18)
FN:219,delayed
FN:240,extend
FN:257,(anonymous_21)
FN:299,flatten
FN:306,format
FN:313,(anonymous_24)
FN:322,inArray
FN:328,isArrayLike
FN:347,isEmptyObject
FN:359,isNumber
FN:365,isNumeric
FN:371,isPlainObject
FN:377,isWindow
FN:384,map
FN:416,merge
FN:441,parseJSON
FN:453,parseXML
FN:478,proxy
FN:481,proxy
FN:489,ready
FN:505,stringify
FN:519,toArray
FN:541,type
FN:547,unique
FN:561,uuid
FN:562,(anonymous_44)
FN:575,(anonymous_45)
FN:578,(anonymous_46)
FNF:46
FNH:13
FNDA:4,(anonymous_1)
FNDA:0,(anonymous_2)
FNDA:2,_interopRequireDefault
FNDA:0,_toConsumableArray
FNDA:0,$
FNDA:0,init
FNDA:6,(anonymous_7)
FNDA:0,(anonymous_8)
FNDA:0,(anonymous_9)
FNDA:0,(anonymous_10)
FNDA:3,(anonymous_11)
FNDA:4,camelCase
FNDA:0,(anonymous_13)
FNDA:1,each
FNDA:0,(anonymous_15)
FNDA:0,dasherize
FNDA:0,debounce
FNDA:0,(anonymous_18)
FNDA:0,delayed
FNDA:26,extend
FNDA:26,(anonymous_21)
FNDA:0,flatten
FNDA:0,format
FNDA:0,(anonymous_24)
FNDA:0,inArray
FNDA:0,isArrayLike
FNDA:0,isEmptyObject
FNDA:0,isNumber
FNDA:0,isNumeric
FNDA:0,isPlainObject
FNDA:0,isWindow
FNDA:0,map
FNDA:0,merge
FNDA:0,parseJSON
FNDA:0,parseXML
FNDA:0,proxy
FNDA:0,proxy
FNDA:0,ready
FNDA:0,stringify
FNDA:0,toArray
FNDA:26,type
FNDA:0,unique
FNDA:0,uuid
FNDA:0,(anonymous_44)
FNDA:8,(anonymous_45)
FNDA:26,(anonymous_46)
DA:0,24
DA:1,1
DA:2,1
DA:3,1
DA:4,1
DA:5,1
DA:6,1
DA:8,1
DA:15,1
DA:17,1
DA:21,0
DA:23,0
DA:24,0
DA:27,0
DA:28,0
DA:31,0
DA:33,0
DA:34,0
DA:37,0
DA:38,0
DA:40,0
DA:41,0
DA:42,0
DA:45,0
DA:46,0
DA:47,0
DA:50,0
DA:51,0
DA:53,0
DA:54,0
DA:55,0
DA:59,0
DA:60,0
DA:63,0
DA:64,0
DA:67,0
DA:70,0
DA:71,0
DA:73,0
DA:76,0
DA:84,1
DA:85,6
DA:93,1
DA:94,0
DA:96,0
DA:98,0
DA:100,0
DA:109,1
DA:110,0
DA:111,0
DA:113,0
DA:114,0
DA:116,0
DA:117,0
DA:120,0
DA:121,0
DA:122,0
DA:123,0
DA:124,0
DA:126,0
DA:131,0
DA:138,1
DA:147,1
DA:148,3
DA:150,3
DA:151,3
DA:152,38
DA:156,3
DA:159,1
DA:165,4
DA:173,1
DA:174,0
DA:175,0
DA:178,1
DA:179,0
DA:180,1
DA:181,1
DA:182,2
DA:184,2
DA:190,1
DA:197,0
DA:206,0
DA:209,0
DA:210,0
DA:211,0
DA:212,0
DA:215,0
DA:216,0
DA:219,0
DA:220,0
DA:221,0
DA:224,0
DA:226,0
DA:228,0
DA:230,0
DA:241,26
DA:246,26
DA:247,0
DA:248,0
DA:252,26
DA:253,24
DA:257,26
DA:258,26
DA:260,26
DA:264,26
DA:265,0
DA:267,26
DA:268,72
DA:269,72
DA:271,72
DA:275,72
DA:276,0
DA:277,0
DA:278,0
DA:280,0
DA:283,0
DA:285,72
DA:286,72
DA:292,26
DA:299,0
DA:307,0
DA:308,0
DA:311,0
DA:313,0
DA:322,0
DA:329,0
DA:330,0
DA:332,0
DA:333,0
DA:336,0
DA:337,0
DA:340,0
DA:348,0
DA:349,0
DA:352,0
DA:359,0
DA:365,0
DA:371,0
DA:377,0
DA:385,0
DA:386,0
DA:388,0
DA:389,0
DA:391,0
DA:392,0
DA:394,0
DA:395,0
DA:399,0
DA:400,0
DA:402,0
DA:403,0
DA:408,0
DA:417,0
DA:418,0
DA:419,0
DA:421,0
DA:422,0
DA:423,0
DA:426,0
DA:427,0
DA:431,0
DA:433,0
DA:442,0
DA:443,0
DA:445,0
DA:454,0
DA:456,0
DA:457,0
DA:460,0
DA:461,0
DA:463,0
DA:466,0
DA:467,0
DA:470,0
DA:479,0
DA:481,0
DA:482,0
DA:490,0
DA:491,0
DA:493,0
DA:496,0
DA:506,0
DA:507,0
DA:509,0
DA:520,0
DA:522,0
DA:523,0
DA:526,0
DA:528,0
DA:530,0
DA:531,0
DA:534,0
DA:541,26
DA:548,0
DA:549,0
DA:550,0
DA:555,0
DA:562,0
DA:563,0
DA:564,0
DA:565,0
DA:575,1
DA:576,8
DA:578,26
DA:581,1
DA:583,1
DA:592,1
DA:594,1
LF:208
LH:54
BRDA:0,1,0,1
BRDA:0,1,1,0
BRDA:0,2,0,1
BRDA:0,2,1,1
BRDA:0,3,0,0
BRDA:0,3,1,0
BRDA:0,4,0,0
BRDA:0,4,1,0
BRDA:0,4,2,0
BRDA:0,4,3,0
BRDA:0,5,0,2
BRDA:0,5,1,0
BRDA:0,6,0,2
BRDA:0,6,1,2
BRDA:0,7,0,0
BRDA:0,7,1,0
BRDA:23,8,0,0
BRDA:23,8,1,0
BRDA:27,9,0,0
BRDA:27,9,1,0
BRDA:31,10,0,0
BRDA:31,10,1,0
BRDA:33,11,0,0
BRDA:33,11,1,0
BRDA:40,12,0,0
BRDA:40,12,1,0
BRDA:40,13,0,0
BRDA:40,13,1,0
BRDA:45,14,0,0
BRDA:45,14,1,0
BRDA:45,15,0,0
BRDA:45,15,1,0
BRDA:45,15,2,0
BRDA:50,16,0,0
BRDA:50,16,1,0
BRDA:53,17,0,0
BRDA:53,17,1,0
BRDA:53,18,0,0
BRDA:53,18,1,0
BRDA:53,18,2,0
BRDA:54,19,0,0
BRDA:54,19,1,0
BRDA:59,20,0,0
BRDA:59,20,1,0
BRDA:59,21,0,0
BRDA:59,21,1,0
BRDA:64,22,0,0
BRDA:64,22,1,0
BRDA:70,23,0,0
BRDA:70,23,1,0
BRDA:85,24,0,2
BRDA:85,24,1,4
BRDA:85,25,0,6
BRDA:85,25,1,5
BRDA:111,26,0,0
BRDA:111,26,1,0
BRDA:113,27,0,0
BRDA:113,27,1,0
BRDA:113,28,0,0
BRDA:113,28,1,0
BRDA:113,28,2,0
BRDA:116,29,0,0
BRDA:116,29,1,0
BRDA:120,30,0,0
BRDA:120,30,1,0
BRDA:120,31,0,0
BRDA:120,31,1,0
BRDA:121,32,0,0
BRDA:121,32,1,0
BRDA:121,33,0,0
BRDA:121,33,1,0
BRDA:123,34,0,0
BRDA:123,34,1,0
BRDA:148,35,0,3
BRDA:148,35,1,0
BRDA:150,36,0,3
BRDA:150,36,1,0
BRDA:150,37,0,3
BRDA:150,37,1,3
BRDA:150,37,2,3
BRDA:150,38,0,0
BRDA:150,38,1,3
BRDA:165,39,0,0
BRDA:165,39,1,0
BRDA:173,40,0,0
BRDA:173,40,1,1
BRDA:178,41,0,0
BRDA:178,41,1,1
BRDA:180,42,0,1
BRDA:180,42,1,0
BRDA:180,43,0,0
BRDA:180,43,1,1
BRDA:184,44,0,0
BRDA:184,44,1,2
BRDA:209,45,0,0
BRDA:209,45,1,0
BRDA:216,46,0,0
BRDA:216,46,1,0
BRDA:221,47,0,0
BRDA:221,47,1,0
BRDA:224,48,0,0
BRDA:224,48,1,0
BRDA:228,49,0,0
BRDA:228,49,1,0
BRDA:230,50,0,0
BRDA:230,50,1,0
BRDA:243,51,0,26
BRDA:243,51,1,0
BRDA:246,52,0,0
BRDA:246,52,1,26
BRDA:248,53,0,0
BRDA:248,53,1,0
BRDA:252,54,0,24
BRDA:252,54,1,2
BRDA:260,55,0,0
BRDA:260,55,1,26
BRDA:264,56,0,0
BRDA:264,56,1,26
BRDA:264,57,0,26
BRDA:264,57,1,0
BRDA:271,58,0,0
BRDA:271,58,1,72
BRDA:271,59,0,72
BRDA:271,59,1,72
BRDA:275,60,0,0
BRDA:275,60,1,72
BRDA:275,61,0,72
BRDA:275,61,1,0
BRDA:275,61,2,0
BRDA:275,61,3,0
BRDA:276,62,0,0
BRDA:276,62,1,0
BRDA:278,63,0,0
BRDA:278,63,1,0
BRDA:278,64,0,0
BRDA:278,64,1,0
BRDA:280,65,0,0
BRDA:280,65,1,0
BRDA:280,66,0,0
BRDA:280,66,1,0
BRDA:285,67,0,72
BRDA:285,67,1,0
BRDA:307,68,0,0
BRDA:307,68,1,0
BRDA:307,69,0,0
BRDA:307,69,1,0
BRDA:307,70,0,0
BRDA:307,70,1,0
BRDA:311,71,0,0
BRDA:311,71,1,0
BRDA:313,72,0,0
BRDA:313,72,1,0
BRDA:332,73,0,0
BRDA:332,73,1,0
BRDA:332,74,0,0
BRDA:332,74,1,0
BRDA:332,74,2,0
BRDA:336,75,0,0
BRDA:336,75,1,0
BRDA:336,76,0,0
BRDA:336,76,1,0
BRDA:340,77,0,0
BRDA:340,77,1,0
BRDA:340,77,2,0
BRDA:340,77,3,0
BRDA:340,77,4,0
BRDA:359,78,0,0
BRDA:359,78,1,0
BRDA:365,79,0,0
BRDA:365,79,1,0
BRDA:371,80,0,0
BRDA:371,80,1,0
BRDA:371,80,2,0
BRDA:371,80,3,0
BRDA:377,81,0,0
BRDA:377,81,1,0
BRDA:388,82,0,0
BRDA:388,82,1,0
BRDA:394,83,0,0
BRDA:394,83,1,0
BRDA:402,84,0,0
BRDA:402,84,1,0
BRDA:421,85,0,0
BRDA:421,85,1,0
BRDA:456,86,0,0
BRDA:456,86,1,0
BRDA:456,87,0,0
BRDA:456,87,1,0
BRDA:466,88,0,0
BRDA:466,88,1,0
BRDA:466,89,0,0
BRDA:466,89,1,0
BRDA:481,90,0,0
BRDA:481,90,1,0
BRDA:482,91,0,0
BRDA:482,91,1,0
BRDA:490,92,0,0
BRDA:490,92,1,0
BRDA:522,93,0,0
BRDA:522,93,1,0
BRDA:522,94,0,0
BRDA:522,94,1,0
BRDA:526,95,0,0
BRDA:526,95,1,0
BRDA:528,96,0,0
BRDA:528,96,1,0
BRDA:528,96,2,0
BRDA:528,96,3,0
BRDA:528,96,4,0
BRDA:541,97,0,0
BRDA:541,97,1,26
BRDA:549,98,0,0
BRDA:549,98,1,0
BRDA:564,99,0,0
BRDA:564,99,1,0
BRF:215
BRH:45
end_of_record
TN:
SF:/Library/WebServer/Documents/eleven/src/common/objects.js
FNF:0
FNH:0
DA:0,1
DA:1,1
DA:3,1
LF:3
LH:3
BRF:0
BRH:0
end_of_record
TN:
SF:/Library/WebServer/Documents/eleven/src/common/arrays.js
FNF:0
FNH:0
DA:0,1
DA:1,1
DA:3,1
LF:3
LH:3
BRF:0
BRH:0
end_of_record
TN:
SF:/Library/WebServer/Documents/eleven/src/common/helpers.js
FN:0,_interopRequireDefault
FN:4,indexOf
FN:17,each
FN:30,noop
FN:34,addScript
FN:60,documentFragments
FNF:6
FNH:2
FNDA:1,_interopRequireDefault
FNDA:0,indexOf
FNDA:38,each
FNDA:0,noop
FNDA:0,addScript
FNDA:0,documentFragments
DA:0,1
DA:1,1
DA:2,1
DA:4,1
DA:5,0
DA:6,0
DA:8,0
DA:9,0
DA:10,0
DA:14,0
DA:17,1
DA:18,38
DA:19,38
DA:21,38
DA:22,127
DA:24,127
DA:30,1
DA:32,1
DA:34,1
DA:35,0
DA:37,0
DA:38,0
DA:39,0
DA:40,0
DA:43,0
DA:45,0
DA:46,0
DA:48,0
DA:50,0
DA:60,1
DA:61,0
DA:66,0
DA:67,0
DA:68,0
DA:70,0
DA:71,0
DA:74,0
DA:77,0
DA:79,0
DA:80,0
DA:82,0
DA:83,0
DA:86,0
DA:89,0
DA:92,0
DA:96,1
LF:46
LH:15
BRDA:0,1,0,1
BRDA:0,1,1,0
BRDA:0,2,0,1
BRDA:0,2,1,1
BRDA:9,3,0,0
BRDA:9,3,1,0
BRDA:24,4,0,0
BRDA:24,4,1,127
BRDA:32,5,0,1
BRDA:32,5,1,0
BRDA:32,5,2,0
BRDA:35,6,0,0
BRDA:35,6,1,0
BRDA:38,7,0,0
BRDA:38,7,1,0
BRDA:66,8,0,0
BRDA:66,8,1,0
BRDA:70,9,0,0
BRDA:70,9,1,0
BRDA:82,10,0,0
BRDA:82,10,1,0
BRF:21
BRH:6
end_of_record
TN:
SF:/Library/WebServer/Documents/eleven/src/query/ajax/ajax.js
FN:0,(anonymous_1)
FN:0,(anonymous_2)
FN:0,_interopRequireDefault
FN:7,emptyFn
FN:43,ajax
FN:65,readyStateChange
FN:129,(anonymous_7)
FN:147,jsonp
FN:161,jsonP
FN:169,(anonymous_10)
FN:174,(anonymous_11)
FN:194,(anonymous_12)
FN:199,(anonymous_13)
FN:219,appendQuery
FN:227,deparam
FN:234,(anonymous_16)
FN:248,params
FN:258,serialize
FN:262,(anonymous_19)
FN:285,(anonymous_20)
FN:286,(anonymous_21)
FNF:21
FNH:4
FNDA:0,(anonymous_1)
FNDA:0,(anonymous_2)
FNDA:2,_interopRequireDefault
FNDA:0,emptyFn
FNDA:0,ajax
FNDA:0,readyStateChange
FNDA:0,(anonymous_7)
FNDA:0,jsonp
FNDA:0,jsonP
FNDA:0,(anonymous_10)
FNDA:0,(anonymous_11)
FNDA:0,(anonymous_12)
FNDA:0,(anonymous_13)
FNDA:0,appendQuery
FNDA:0,deparam
FNDA:0,(anonymous_16)
FNDA:0,params
FNDA:0,serialize
FNDA:0,(anonymous_19)
FNDA:2,(anonymous_20)
FNDA:0,(anonymous_21)
DA:0,2
DA:1,1
DA:2,1
DA:3,1
DA:5,1
DA:9,1
DA:44,0
DA:57,0
DA:58,0
DA:61,0
DA:62,0
DA:65,0
DA:66,0
DA:72,0
DA:73,0
DA:75,0
DA:76,0
DA:78,0
DA:79,0
DA:80,0
DA:82,0
DA:83,0
DA:85,0
DA:86,0
DA:89,0
DA:92,0
DA:93,0
DA:95,0
DA:98,0
DA:101,0
DA:107,0
DA:108,0
DA:110,0
DA:113,0
DA:114,0
DA:115,0
DA:118,0
DA:119,0
DA:122,0
DA:124,0
DA:125,0
DA:128,0
DA:129,0
DA:130,0
DA:131,0
DA:132,0
DA:137,0
DA:139,0
DA:147,0
DA:148,0
DA:149,0
DA:152,0
DA:161,0
DA:162,0
DA:163,0
DA:165,0
DA:167,0
DA:169,0
DA:170,0
DA:171,0
DA:174,0
DA:175,0
DA:176,0
DA:179,0
DA:181,0
DA:183,0
DA:184,0
DA:186,0
DA:189,0
DA:192,0
DA:194,0
DA:195,0
DA:198,0
DA:199,0
DA:200,0
DA:202,0
DA:203,0
DA:206,0
DA:207,0
DA:211,0
DA:220,0
DA:228,0
DA:230,0
DA:231,0
DA:234,0
DA:235,0
DA:236,0
DA:237,0
DA:241,0
DA:249,0
DA:259,0
DA:260,0
DA:262,0
DA:263,0
DA:264,0
DA:267,0
DA:268,0
DA:270,0
DA:274,0
DA:285,1
DA:286,2
DA:287,0
DA:288,0
DA:289,0
DA:290,0
DA:293,0
LF:106
LH:8
BRDA:0,1,0,1
BRDA:0,1,1,0
BRDA:0,2,0,1
BRDA:0,2,1,1
BRDA:0,3,0,0
BRDA:0,3,1,0
BRDA:0,4,0,0
BRDA:0,4,1,0
BRDA:0,4,2,0
BRDA:0,4,3,0
BRDA:0,5,0,2
BRDA:0,5,1,0
BRDA:0,6,0,2
BRDA:0,6,1,2
BRDA:45,7,0,0
BRDA:45,7,1,0
BRDA:46,8,0,0
BRDA:46,8,1,0
BRDA:46,8,2,0
BRDA:46,8,3,0
BRDA:48,9,0,0
BRDA:48,9,1,0
BRDA:52,10,0,0
BRDA:52,10,1,0
BRDA:54,11,0,0
BRDA:54,11,1,0
BRDA:54,11,2,0
BRDA:57,12,0,0
BRDA:57,12,1,0
BRDA:57,13,0,0
BRDA:57,13,1,0
BRDA:58,14,0,0
BRDA:58,14,1,0
BRDA:61,15,0,0
BRDA:61,15,1,0
BRDA:72,16,0,0
BRDA:72,16,1,0
BRDA:75,17,0,0
BRDA:75,17,1,0
BRDA:75,18,0,0
BRDA:75,18,1,0
BRDA:75,18,2,0
BRDA:75,18,3,0
BRDA:75,18,4,0
BRDA:79,19,0,0
BRDA:79,19,1,0
BRDA:79,20,0,0
BRDA:79,20,1,0
BRDA:82,21,0,0
BRDA:82,21,1,0
BRDA:85,22,0,0
BRDA:85,22,1,0
BRDA:92,23,0,0
BRDA:92,23,1,0
BRDA:101,24,0,0
BRDA:101,24,1,0
BRDA:107,25,0,0
BRDA:107,25,1,0
BRDA:113,26,0,0
BRDA:113,26,1,0
BRDA:115,27,0,0
BRDA:115,27,1,0
BRDA:115,28,0,0
BRDA:115,28,1,0
BRDA:118,29,0,0
BRDA:118,29,1,0
BRDA:118,30,0,0
BRDA:118,30,1,0
BRDA:118,30,2,0
BRDA:128,31,0,0
BRDA:128,31,1,0
BRDA:147,32,0,0
BRDA:147,32,1,0
BRDA:147,33,0,0
BRDA:147,33,1,0
BRDA:147,34,0,0
BRDA:147,34,1,0
BRDA:147,35,0,0
BRDA:147,35,1,0
BRDA:148,36,0,0
BRDA:148,36,1,0
BRDA:148,37,0,0
BRDA:148,37,1,0
BRDA:148,37,2,0
BRDA:148,38,0,0
BRDA:148,38,1,0
BRDA:163,39,0,0
BRDA:163,39,1,0
BRDA:175,40,0,0
BRDA:175,40,1,0
BRDA:181,41,0,0
BRDA:181,41,1,0
BRDA:181,41,2,0
BRDA:198,42,0,0
BRDA:198,42,1,0
BRDA:202,43,0,0
BRDA:202,43,1,0
BRDA:230,44,0,0
BRDA:230,44,1,0
BRDA:235,45,0,0
BRDA:235,45,1,0
BRDA:263,46,0,0
BRDA:263,46,1,0
BRDA:264,47,0,0
BRDA:264,47,1,0
BRDA:267,48,0,0
BRDA:267,48,1,0
BRDA:286,49,0,0
BRDA:286,49,1,0
BRDA:286,50,0,0
BRDA:286,50,1,0
BRDA:286,51,0,0
BRDA:286,51,1,0
BRDA:286,52,0,0
BRDA:286,52,1,0
BRDA:287,53,0,0
BRDA:287,53,1,0
BRDA:293,54,0,0
BRDA:293,54,1,0
BRF:119
BRH:14
end_of_record
TN:
SF:/Library/WebServer/Documents/eleven/src/query/attributes/attr.js
FN:0,(anonymous_1)
FN:0,(anonymous_2)
FN:0,_interopRequireDefault
FN:11,attr
FN:25,process
FN:58,removeAttr
FNF:6
FNH:3
FNDA:0,(anonymous_1)
FNDA:0,(anonymous_2)
FNDA:1,_interopRequireDefault
FNDA:0,attr
FNDA:0,process
FNDA:0,removeAttr
DA:0,1
DA:1,1
DA:3,1
DA:12,0
DA:14,0
DA:15,0
DA:18,0
DA:19,0
DA:20,0
DA:23,0
DA:26,0
DA:27,0
DA:29,0
DA:33,0
DA:34,0
DA:36,0
DA:37,0
DA:40,0
DA:41,0
DA:44,0
DA:45,0
DA:46,0
DA:52,0
DA:59,0
DA:63,0
DA:66,0
DA:67,0
DA:69,0
DA:73,0
DA:74,0
DA:76,0
DA:77,0
DA:80,0
DA:81,0
DA:82,0
DA:86,0
DA:89,0
LF:37
LH:3
BRDA:0,1,0,1
BRDA:0,1,1,0
BRDA:0,2,0,1
BRDA:0,2,1,1
BRDA:0,3,0,0
BRDA:0,3,1,0
BRDA:0,4,0,0
BRDA:0,4,1,0
BRDA:0,4,2,0
BRDA:0,4,3,0
BRDA:0,5,0,1
BRDA:0,5,1,0
BRDA:0,6,0,1
BRDA:0,6,1,1
BRDA:14,7,0,0
BRDA:14,7,1,0
BRDA:14,8,0,0
BRDA:14,8,1,0
BRDA:14,8,2,0
BRDA:18,9,0,0
BRDA:18,9,1,0
BRDA:18,10,0,0
BRDA:18,10,1,0
BRDA:18,10,2,0
BRDA:19,11,0,0
BRDA:19,11,1,0
BRDA:26,12,0,0
BRDA:26,12,1,0
BRDA:36,13,0,0
BRDA:36,13,1,0
BRDA:36,14,0,0
BRDA:36,14,1,0
BRDA:36,14,2,0
BRDA:40,15,0,0
BRDA:40,15,1,0
BRDA:44,16,0,0
BRDA:44,16,1,0
BRDA:44,17,0,0
BRDA:44,17,1,0
BRDA:59,18,0,0
BRDA:59,18,1,0
BRDA:69,19,0,0
BRDA:69,19,1,0
BRDA:73,20,0,0
BRDA:73,20,1,0
BRDA:76,21,0,0
BRDA:76,21,1,0
BRDA:82,22,0,0
BRDA:82,22,1,0
BRF:49
BRH:14
end_of_record
TN:
SF:/Library/WebServer/Documents/eleven/src/query/attributes/val.js
FN:0,_interopRequireDefault
FN:9,(anonymous_2)
FNF:2
FNH:1
FNDA:1,_interopRequireDefault
FNDA:0,(anonymous_2)
DA:0,1
DA:1,1
DA:9,1
DA:10,0
DA:14,0
DA:15,0
DA:18,0
DA:19,0
DA:22,0
LF:9
LH:3
BRDA:0,1,0,1
BRDA:0,1,1,0
BRDA:0,2,0,1
BRDA:0,2,1,1
BRDA:10,3,0,0
BRDA:10,3,1,0
BRDA:14,4,0,0
BRDA:14,4,1,0
BRF:8
BRH:4
end_of_record
TN:
SF:/Library/WebServer/Documents/eleven/src/query/core/chain.js
FN:0,_interopRequireDefault
FN:9,chain
FN:16,end
FNF:3
FNH:1
FNDA:1,_interopRequireDefault
FNDA:0,chain
FNDA:0,end
DA:0,1
DA:1,1
DA:3,1
DA:10,0
DA:17,0
LF:5
LH:3
BRDA:0,1,0,1
BRDA:0,1,1,0
BRDA:0,2,0,1
BRDA:0,2,1,1
BRDA:10,3,0,0
BRDA:10,3,1,0
BRDA:10,3,2,0
BRDA:10,3,3,0
BRDA:17,4,0,0
BRDA:17,4,1,0
BRF:10
BRH:4
end_of_record
TN:
SF:/Library/WebServer/Documents/eleven/src/query/core/regexp.js
FN:0,_interopRequireDefault
FNF:1
FNH:1
FNDA:1,_interopRequireDefault
DA:0,1
DA:1,1
DA:3,1
LF:3
LH:3
BRDA:0,1,0,1
BRDA:0,1,1,0
BRDA:0,2,0,1
BRDA:0,2,1,1
BRF:4
BRH:4
end_of_record
TN:
SF:/Library/WebServer/Documents/eleven/src/query/core/utils.js
FN:0,_interopRequireDefault
FN:9,contains
FN:17,map
FN:18,(anonymous_4)
FN:0,(anonymous_5)
FN:0,slice
FN:0,(anonymous_7)
FN:24,(anonymous_8)
FN:33,toArray
FNF:9
FNH:4
FNDA:1,_interopRequireDefault
FNDA:0,contains
FNDA:0,map
FNDA:0,(anonymous_4)
FNDA:1,(anonymous_5)
FNDA:0,slice
FNDA:0,(anonymous_7)
FNDA:0,(anonymous_8)
FNDA:0,toArray
DA:0,1
DA:1,1
DA:3,1
DA:10,0
DA:18,0
DA:25,0
DA:34,0
LF:7
LH:3
BRDA:0,1,0,1
BRDA:0,1,1,0
BRDA:0,2,0,1
BRDA:0,2,1,1
BRF:4
BRH:4
end_of_record
TN:
SF:/Library/WebServer/Documents/eleven/src/query/css/classes.js
FN:0,(anonymous_1)
FN:0,(anonymous_2)
FN:0,_interopRequireDefault
FN:0,_toConsumableArray
FN:10,hasClass
FN:19,swapClass
FN:26,toggleClass
FN:35,(anonymous_8)
FN:36,(anonymous_9)
FNF:9
FNH:5
FNDA:0,(anonymous_1)
FNDA:0,(anonymous_2)
FNDA:1,_interopRequireDefault
FNDA:0,_toConsumableArray
FNDA:0,hasClass
FNDA:0,swapClass
FNDA:0,toggleClass
FNDA:2,(anonymous_8)
FNDA:0,(anonymous_9)
DA:0,1
DA:1,1
DA:2,1
DA:4,1
DA:11,0
DA:20,0
DA:27,0
DA:35,1
DA:36,2
DA:37,0
DA:38,0
DA:41,0
DA:47,0
DA:48,0
DA:50,0
DA:51,0
DA:53,0
DA:54,0
DA:56,0
DA:57,0
DA:59,0
DA:65,0
LF:22
LH:6
BRDA:0,1,0,1
BRDA:0,1,1,0
BRDA:0,2,0,1
BRDA:0,2,1,1
BRDA:0,3,0,0
BRDA:0,3,1,0
BRDA:0,4,0,0
BRDA:0,4,1,0
BRDA:0,4,2,0
BRDA:0,4,3,0
BRDA:0,5,0,1
BRDA:0,5,1,0
BRDA:0,6,0,1
BRDA:0,6,1,1
BRDA:0,7,0,0
BRDA:0,7,1,0
BRDA:20,8,0,0
BRDA:20,8,1,0
BRDA:27,9,0,0
BRDA:27,9,1,0
BRDA:27,10,0,0
BRDA:27,10,1,0
BRDA:27,11,0,0
BRDA:27,11,1,0
BRDA:27,11,2,0
BRDA:37,12,0,0
BRDA:37,12,1,0
BRDA:43,13,0,0
BRDA:43,13,1,0
BRDA:44,14,0,0
BRDA:44,14,1,0
BRDA:50,15,0,0
BRDA:50,15,1,0
BRDA:53,16,0,0
BRDA:53,16,1,0
BRDA:53,17,0,0
BRDA:53,17,1,0
BRDA:56,18,0,0
BRDA:56,18,1,0
BRF:39
BRH:16
end_of_record
TN:
SF:/Library/WebServer/Documents/eleven/src/query/css/css.js
FN:0,_interopRequireDefault
FN:5,formatValue
FN:15,css
FN:19,process
FNF:4
FNH:1
FNDA:1,_interopRequireDefault
FNDA:0,formatValue
FNDA:0,css
FNDA:0,process
DA:0,1
DA:1,1
DA:2,1
DA:4,1
DA:5,1
DA:7,1
DA:16,0
DA:20,0
DA:24,0
DA:26,0
DA:27,0
DA:30,0
DA:31,0
DA:34,0
DA:35,0
DA:36,0
DA:39,0
DA:40,0
DA:44,0
DA:45,0
DA:47,0
DA:51,0
DA:55,0
DA:56,0
DA:59,0
DA:62,0
DA:63,0
DA:65,0
DA:69,0
DA:70,0
DA:72,0
DA:73,0
DA:78,0
LF:33
LH:6
BRDA:0,1,0,1
BRDA:0,1,1,0
BRDA:0,2,0,1
BRDA:0,2,1,1
BRDA:5,3,0,0
BRDA:5,3,1,0
BRDA:5,3,2,0
BRDA:5,3,3,0
BRDA:20,4,0,0
BRDA:20,4,1,0
BRDA:20,5,0,0
BRDA:20,5,1,0
BRDA:20,5,2,0
BRDA:26,6,0,0
BRDA:26,6,1,0
BRDA:27,7,0,0
BRDA:27,7,1,0
BRDA:30,8,0,0
BRDA:30,8,1,0
BRDA:30,9,0,0
BRDA:30,9,1,0
BRDA:34,10,0,0
BRDA:34,10,1,0
BRDA:35,11,0,0
BRDA:35,11,1,0
BRDA:39,12,0,0
BRDA:39,12,1,0
BRDA:44,13,0,0
BRDA:44,13,1,0
BRDA:45,14,0,0
BRDA:45,14,1,0
BRDA:51,15,0,0
BRDA:51,15,1,0
BRDA:51,16,0,0
BRDA:51,16,1,0
BRDA:51,16,2,0
BRDA:51,16,3,0
BRDA:55,17,0,0
BRDA:55,17,1,0
BRDA:55,18,0,0
BRDA:55,18,1,0
BRDA:65,19,0,0
BRDA:65,19,1,0
BRDA:65,20,0,0
BRDA:65,20,1,0
BRDA:65,20,2,0
BRDA:65,20,3,0
BRDA:69,21,0,0
BRDA:69,21,1,0
BRF:49
BRH:4
end_of_record
TN:
SF:/Library/WebServer/Documents/eleven/src/query/css/dimensions.js
FN:0,_interopRequireDefault
FN:14,(anonymous_2)
FN:15,(anonymous_3)
FNF:3
FNH:2
FNDA:1,_interopRequireDefault
FNDA:4,(anonymous_2)
FNDA:0,(anonymous_3)
DA:0,1
DA:1,1
DA:2,1
DA:3,1
DA:14,1
DA:15,4
DA:16,0
DA:24,0
DA:25,0
DA:28,0
DA:29,0
DA:32,0
DA:33,0
DA:35,0
DA:44,0
DA:45,0
DA:48,0
DA:49,0
DA:50,0
DA:52,0
DA:55,0
LF:21
LH:6
BRDA:0,1,0,1
BRDA:0,1,1,0
BRDA:0,2,0,1
BRDA:0,2,1,1
BRDA:24,3,0,0
BRDA:24,3,1,0
BRDA:28,4,0,0
BRDA:28,4,1,0
BRDA:32,5,0,0
BRDA:32,5,1,0
BRDA:44,6,0,0
BRDA:44,6,1,0
BRDA:44,7,0,0
BRDA:44,7,1,0
BRDA:48,8,0,0
BRDA:48,8,1,0
BRDA:49,9,0,0
BRDA:49,9,1,0
BRDA:50,10,0,0
BRDA:50,10,1,0
BRDA:50,11,0,0
BRDA:50,11,1,0
BRDA:50,12,0,0
BRDA:50,12,1,0
BRF:24
BRH:4
end_of_record
TN:
SF:/Library/WebServer/Documents/eleven/src/query/css/position.js
FN:0,_interopRequireDefault
FN:8,offset
FN:29,position
FNF:3
FNH:1
FNDA:1,_interopRequireDefault
FNDA:0,offset
FNDA:0,position
DA:0,1
DA:1,1
DA:3,1
DA:10,0
DA:11,0
DA:14,0
DA:16,0
DA:30,0
DA:31,0
DA:34,0
DA:40,0
DA:44,0
DA:46,0
LF:13
LH:3
BRDA:0,1,0,1
BRDA:0,1,1,0
BRDA:0,2,0,1
BRDA:0,2,1,1
BRDA:10,3,0,0
BRDA:10,3,1,0
BRDA:10,4,0,0
BRDA:10,4,1,0
BRDA:30,5,0,0
BRDA:30,5,1,0
BRDA:38,6,0,0
BRDA:38,6,1,0
BRDA:40,7,0,0
BRDA:40,7,1,0
BRDA:41,8,0,0
BRDA:41,8,1,0
BRDA:43,9,0,0
BRDA:43,9,1,0
BRDA:44,10,0,0
BRDA:44,10,1,0
BRF:20
BRH:4
end_of_record
TN:
SF:/Library/WebServer/Documents/eleven/src/query/css/scroll.js
FN:0,_interopRequireDefault
FN:9,(anonymous_2)
FN:13,(anonymous_3)
FNF:3
FNH:2
FNDA:1,_interopRequireDefault
FNDA:2,(anonymous_2)
FNDA:0,(anonymous_3)
DA:0,1
DA:1,1
DA:2,1
DA:3,1
DA:9,1
DA:10,2
DA:13,2
DA:15,0
DA:16,0
DA:19,0
DA:22,0
LF:11
LH:7
BRDA:0,1,0,1
BRDA:0,1,1,0
BRDA:0,2,0,1
BRDA:0,2,1,1
BRDA:11,3,0,1
BRDA:11,3,1,1
BRDA:15,4,0,0
BRDA:15,4,1,0
BRDA:20,5,0,0
BRDA:20,5,1,0
BRDA:20,6,0,0
BRDA:20,6,1,0
BRDA:20,7,0,0
BRDA:20,7,1,0
BRDA:22,8,0,0
BRDA:22,8,1,0
BRDA:22,9,0,0
BRDA:22,9,1,0
BRDA:22,10,0,0
BRDA:22,10,1,0
BRDA:22,11,0,0
BRDA:22,11,1,0
BRDA:22,12,0,0
BRDA:22,12,1,0
BRDA:22,13,0,0
BRDA:22,13,1,0
BRF:26
BRH:6
end_of_record
TN:
SF:/Library/WebServer/Documents/eleven/src/query/css/showHide.js
FN:0,_interopRequireDefault
FN:9,hide
FN:35,show
FNF:3
FNH:1
FNDA:1,_interopRequireDefault
FNDA:0,hide
FNDA:0,show
DA:0,1
DA:1,1
DA:2,1
DA:4,1
DA:10,0
DA:11,0
DA:14,0
DA:17,0
DA:18,0
DA:21,0
DA:22,0
DA:23,0
DA:26,0
DA:29,0
DA:36,0
DA:37,0
DA:40,0
DA:43,0
DA:44,0
DA:46,0
DA:47,0
DA:48,0
DA:49,0
DA:51,0
DA:55,0
DA:58,0
LF:26
LH:4
BRDA:0,1,0,1
BRDA:0,1,1,0
BRDA:0,2,0,1
BRDA:0,2,1,1
BRDA:10,3,0,0
BRDA:10,3,1,0
BRDA:21,4,0,0
BRDA:21,4,1,0
BRDA:21,5,0,0
BRDA:21,5,1,0
BRDA:36,6,0,0
BRDA:36,6,1,0
BRDA:36,7,0,0
BRDA:36,7,1,0
BRDA:46,8,0,0
BRDA:46,8,1,0
BRDA:46,9,0,0
BRDA:46,9,1,0
BRDA:47,10,0,0
BRDA:47,10,1,0
BRF:20
BRH:4
end_of_record
TN:
SF:/Library/WebServer/Documents/eleven/src/query/data/data.js
FN:0,(anonymous_1)
FN:0,(anonymous_2)
FN:0,_interopRequireDefault
FN:14,removeDataCache
FN:32,data
FN:85,data
FNF:6
FNH:3
FNDA:0,(anonymous_1)
FNDA:0,(anonymous_2)
FNDA:1,_interopRequireDefault
FNDA:0,removeDataCache
FNDA:0,data
FNDA:0,data
DA:0,1
DA:1,1
DA:7,1
DA:14,1
DA:15,0
DA:17,0
DA:18,0
DA:21,0
DA:24,1
DA:33,0
DA:34,0
DA:36,0
DA:37,0
DA:40,0
DA:44,0
DA:45,0
DA:48,0
DA:49,0
DA:52,0
DA:53,0
DA:54,0
DA:55,0
DA:57,0
DA:59,0
DA:60,0
DA:63,0
DA:64,0
DA:65,0
DA:68,0
DA:74,0
DA:78,1
DA:86,0
LF:32
LH:6
BRDA:0,1,0,1
BRDA:0,1,1,0
BRDA:0,2,0,1
BRDA:0,2,1,1
BRDA:0,3,0,0
BRDA:0,3,1,0
BRDA:0,4,0,0
BRDA:0,4,1,0
BRDA:0,4,2,0
BRDA:0,4,3,0
BRDA:0,5,0,1
BRDA:0,5,1,0
BRDA:0,6,0,1
BRDA:0,6,1,1
BRDA:17,7,0,0
BRDA:17,7,1,0
BRDA:34,8,0,0
BRDA:34,8,1,0
BRDA:36,9,0,0
BRDA:36,9,1,0
BRDA:36,10,0,0
BRDA:36,10,1,0
BRDA:36,10,2,0
BRDA:44,11,0,0
BRDA:44,11,1,0
BRDA:44,12,0,0
BRDA:44,12,1,0
BRDA:45,13,0,0
BRDA:45,13,1,0
BRDA:48,14,0,0
BRDA:48,14,1,0
BRDA:48,15,0,0
BRDA:48,15,1,0
BRDA:48,15,2,0
BRDA:49,16,0,0
BRDA:49,16,1,0
BRDA:49,16,2,0
BRDA:53,17,0,0
BRDA:53,17,1,0
BRDA:54,18,0,0
BRDA:54,18,1,0
BRDA:54,19,0,0
BRDA:54,19,1,0
BRDA:57,20,0,0
BRDA:57,20,1,0
BRDA:59,21,0,0
BRDA:59,21,1,0
BRDA:63,22,0,0
BRDA:63,22,1,0
BRDA:63,23,0,0
BRDA:63,23,1,0
BRF:51
BRH:14
end_of_record
TN:
SF:/Library/WebServer/Documents/eleven/src/query/events/events.js
FN:0,(anonymous_1)
FN:0,(anonymous_2)
FN:0,_interopRequireDefault
FN:8,(anonymous_4)
FN:9,(anonymous_5)
FN:27,(anonymous_6)
FN:28,(anonymous_7)
FN:38,(anonymous_8)
FN:51,hover
FN:60,one
FN:62,proxy
FN:69,(anonymous_12)
FN:78,(anonymous_13)
FN:91,trigger
FN:96,(anonymous_15)
FN:99,(anonymous_16)
FN:124,eventAlias
FN:144,find
FN:147,(anonymous_19)
FN:162,add
FN:166,(anonymous_21)
FN:193,remove
FN:194,(anonymous_23)
FN:195,(anonymous_24)
FN:213,namespace
FN:228,proxy
FN:229,(anonymous_27)
FNF:27
FNH:5
FNDA:0,(anonymous_1)
FNDA:0,(anonymous_2)
FNDA:1,_interopRequireDefault
FNDA:27,(anonymous_4)
FNDA:0,(anonymous_5)
FNDA:4,(anonymous_6)
FNDA:0,(anonymous_7)
FNDA:0,(anonymous_8)
FNDA:0,hover
FNDA:0,one
FNDA:0,proxy
FNDA:0,(anonymous_12)
FNDA:0,(anonymous_13)
FNDA:0,trigger
FNDA:0,(anonymous_15)
FNDA:0,(anonymous_16)
FNDA:0,eventAlias
FNDA:0,find
FNDA:0,(anonymous_19)
FNDA:0,add
FNDA:0,(anonymous_21)
FNDA:0,remove
FNDA:0,(anonymous_23)
FNDA:0,(anonymous_24)
FNDA:0,namespace
FNDA:0,proxy
FNDA:0,(anonymous_27)
DA:0,1
DA:1,1
DA:2,1
DA:4,1
DA:6,1
DA:9,27
DA:11,0
DA:12,0
DA:13,0
DA:16,0
DA:27,1
DA:28,4
DA:29,0
DA:30,0
DA:33,0
DA:34,0
DA:35,0
DA:38,0
DA:39,0
DA:44,1
DA:52,0
DA:61,0
DA:63,0
DA:64,0
DA:65,0
DA:69,0
DA:70,0
DA:72,0
DA:73,0
DA:74,0
DA:75,0
DA:78,0
DA:79,0
DA:82,0
DA:92,0
DA:93,0
DA:96,0
DA:97,0
DA:99,0
DA:100,0
DA:101,0
DA:102,0
DA:105,0
DA:124,1
DA:125,0
DA:133,0
DA:136,1
DA:145,0
DA:147,0
DA:148,0
DA:163,0
DA:164,0
DA:166,0
DA:167,0
DA:168,0
DA:169,0
DA:171,0
DA:173,0
DA:182,0
DA:183,0
DA:194,0
DA:195,0
DA:196,0
DA:197,0
DA:199,0
DA:202,0
DA:203,0
DA:214,0
DA:216,0
DA:229,0
DA:230,0
DA:232,0
DA:233,0
DA:234,0
DA:237,0
DA:238,0
DA:241,0
LF:77
LH:11
BRDA:0,1,0,1
BRDA:0,1,1,0
BRDA:0,2,0,1
BRDA:0,2,1,1
BRDA:0,3,0,0
BRDA:0,3,1,0
BRDA:0,4,0,0
BRDA:0,4,1,0
BRDA:0,4,2,0
BRDA:0,4,3,0
BRDA:0,5,0,1
BRDA:0,5,1,0
BRDA:0,6,0,1
BRDA:0,6,1,1
BRDA:11,7,0,0
BRDA:11,7,1,0
BRDA:16,8,0,0
BRDA:16,8,1,0
BRDA:29,9,0,0
BRDA:29,9,1,0
BRDA:33,10,0,0
BRDA:33,10,1,0
BRDA:39,11,0,0
BRDA:39,11,1,0
BRDA:52,12,0,0
BRDA:52,12,1,0
BRDA:63,13,0,0
BRDA:63,13,1,0
BRDA:72,14,0,0
BRDA:72,14,1,0
BRDA:72,15,0,0
BRDA:72,15,1,0
BRDA:73,16,0,0
BRDA:73,16,1,0
BRDA:92,17,0,0
BRDA:92,17,1,0
BRDA:100,18,0,0
BRDA:100,18,1,0
BRDA:100,19,0,0
BRDA:100,19,1,0
BRDA:101,20,0,0
BRDA:101,20,1,0
BRDA:101,21,0,0
BRDA:101,21,1,0
BRDA:126,22,0,0
BRDA:126,22,1,0
BRDA:127,23,0,0
BRDA:127,23,1,0
BRDA:133,24,0,0
BRDA:133,24,1,0
BRDA:147,25,0,0
BRDA:147,25,1,0
BRDA:148,26,0,0
BRDA:148,26,1,0
BRDA:148,26,2,0
BRDA:148,26,3,0
BRDA:148,26,4,0
BRDA:148,26,5,0
BRDA:148,26,6,0
BRDA:163,27,0,0
BRDA:163,27,1,0
BRDA:164,28,0,0
BRDA:164,28,1,0
BRDA:171,29,0,0
BRDA:171,29,1,0
BRDA:171,29,2,0
BRDA:182,30,0,0
BRDA:182,30,1,0
BRDA:202,31,0,0
BRDA:202,31,1,0
BRDA:232,32,0,0
BRDA:232,32,1,0
BRDA:233,33,0,0
BRDA:233,33,1,0
BRDA:237,34,0,0
BRDA:237,34,1,0
BRF:76
BRH:14
end_of_record
TN:
SF:/Library/WebServer/Documents/eleven/src/query/events/ready.js
FN:0,_interopRequireDefault
FN:7,(anonymous_2)
FNF:2
FNH:1
FNDA:1,_interopRequireDefault
FNDA:0,(anonymous_2)
DA:0,1
DA:1,1
DA:2,1
DA:7,1
DA:8,0
DA:9,0
DA:11,0
DA:14,0
LF:8
LH:4
BRDA:0,1,0,1
BRDA:0,1,1,0
BRDA:0,2,0,1
BRDA:0,2,1,1
BRDA:8,3,0,0
BRDA:8,3,1,0
BRF:6
BRH:4
end_of_record
TN:
SF:/Library/WebServer/Documents/eleven/src/query/manipulation/append.js
FN:0,(anonymous_1)
FN:0,(anonymous_2)
FN:0,_interopRequireDefault
FN:12,append
FNF:4
FNH:3
FNDA:0,(anonymous_1)
FNDA:0,(anonymous_2)
FNDA:1,_interopRequireDefault
FNDA:0,append
DA:0,1
DA:1,1
DA:2,1
DA:3,1
DA:5,1
DA:13,0
DA:14,0
DA:17,0
DA:18,0
DA:21,0
DA:24,0
DA:25,0
DA:26,0
DA:28,0
DA:29,0
DA:32,0
DA:33,0
DA:36,0
DA:37,0
DA:40,0
DA:43,0
DA:47,0
LF:22
LH:5
BRDA:0,1,0,1
BRDA:0,1,1,0
BRDA:0,2,0,1
BRDA:0,2,1,1
BRDA:0,3,0,0
BRDA:0,3,1,0
BRDA:0,4,0,0
BRDA:0,4,1,0
BRDA:0,4,2,0
BRDA:0,4,3,0
BRDA:0,5,0,1
BRDA:0,5,1,0
BRDA:0,6,0,1
BRDA:0,6,1,1
BRDA:13,7,0,0
BRDA:13,7,1,0
BRDA:13,8,0,0
BRDA:13,8,1,0
BRDA:13,8,2,0
BRDA:17,9,0,0
BRDA:17,9,1,0
BRDA:17,10,0,0
BRDA:17,10,1,0
BRDA:17,11,0,0
BRDA:17,11,1,0
BRDA:25,12,0,0
BRDA:25,12,1,0
BRDA:25,13,0,0
BRDA:25,13,1,0
BRDA:26,14,0,0
BRDA:26,14,1,0
BRDA:28,15,0,0
BRDA:28,15,1,0
BRDA:28,16,0,0
BRDA:28,16,1,0
BRDA:32,17,0,0
BRDA:32,17,1,0
BRDA:40,18,0,0
BRDA:40,18,1,0
BRF:39
BRH:14
end_of_record
TN:
SF:/Library/WebServer/Documents/eleven/src/query/manipulation/beforeAfter.js
FN:0,_interopRequireDefault
FN:9,(anonymous_2)
FN:10,(anonymous_3)
FNF:3
FNH:2
FNDA:1,_interopRequireDefault
FNDA:2,(anonymous_2)
FNDA:0,(anonymous_3)
DA:0,1
DA:1,1
DA:2,1
DA:9,1
DA:10,2
DA:11,0
DA:13,0
DA:14,0
DA:17,0
DA:20,0
DA:21,0
DA:23,0
DA:24,0
DA:27,0
DA:28,0
DA:32,0
LF:16
LH:5
BRDA:0,1,0,1
BRDA:0,1,1,0
BRDA:0,2,0,1
BRDA:0,2,1,1
BRDA:13,3,0,0
BRDA:13,3,1,0
BRDA:13,4,0,0
BRDA:13,4,1,0
BRDA:23,5,0,0
BRDA:23,5,1,0
BRDA:27,6,0,0
BRDA:27,6,1,0
BRDA:28,7,0,0
BRDA:28,7,1,0
BRF:14
BRH:4
end_of_record
TN:
SF:/Library/WebServer/Documents/eleven/src/query/manipulation/clone.js
FN:0,_interopRequireDefault
FN:7,(anonymous_2)
FN:8,(anonymous_3)
FNF:3
FNH:1
FNDA:1,_interopRequireDefault
FNDA:0,(anonymous_2)
FNDA:0,(anonymous_3)
DA:0,1
DA:1,1
DA:7,1
DA:8,0
DA:10,0
LF:5
LH:3
BRDA:0,1,0,1
BRDA:0,1,1,0
BRDA:0,2,0,1
BRDA:0,2,1,1
BRF:4
BRH:4
end_of_record
TN:
SF:/Library/WebServer/Documents/eleven/src/query/manipulation/detach.js
FN:0,_interopRequireDefault
FN:8,(anonymous_2)
FN:9,(anonymous_3)
FNF:3
FNH:2
FNDA:1,_interopRequireDefault
FNDA:2,(anonymous_2)
FNDA:0,(anonymous_3)
DA:0,1
DA:1,1
DA:2,1
DA:8,1
DA:9,2
DA:11,0
DA:15,0
DA:18,0
DA:19,0
DA:21,0
DA:22,0
DA:23,0
DA:26,0
DA:29,0
DA:32,0
LF:15
LH:5
BRDA:0,1,0,1
BRDA:0,1,1,0
BRDA:0,2,0,1
BRDA:0,2,1,1
BRDA:11,3,0,0
BRDA:11,3,1,0
BRDA:11,4,0,0
BRDA:11,4,1,0
BRDA:21,5,0,0
BRDA:21,5,1,0
BRDA:22,6,0,0
BRDA:22,6,1,0
BRDA:22,7,0,0
BRDA:22,7,1,0
BRDA:26,8,0,0
BRDA:26,8,1,0
BRF:16
BRH:4
end_of_record
TN:
SF:/Library/WebServer/Documents/eleven/src/query/manipulation/empty.js
FN:0,_interopRequireDefault
FN:7,(anonymous_2)
FNF:2
FNH:1
FNDA:1,_interopRequireDefault
FNDA:0,(anonymous_2)
DA:0,1
DA:1,1
DA:7,1
DA:8,0
DA:12,0
DA:15,0
DA:16,0
DA:18,0
DA:19,0
DA:20,0
DA:23,0
DA:26,0
DA:29,0
LF:13
LH:3
BRDA:0,1,0,1
BRDA:0,1,1,0
BRDA:0,2,0,1
BRDA:0,2,1,1
BRDA:8,3,0,0
BRDA:8,3,1,0
BRDA:19,4,0,0
BRDA:19,4,1,0
BRF:8
BRH:4
end_of_record
TN:
SF:/Library/WebServer/Documents/eleven/src/query/manipulation/html.js
FN:0,_interopRequireDefault
FN:10,html
FN:19,(anonymous_3)
FN:25,outerHTML
FNF:4
FNH:1
FNDA:1,_interopRequireDefault
FNDA:0,html
FNDA:0,(anonymous_3)
FNDA:0,outerHTML
DA:0,1
DA:1,1
DA:2,1
DA:4,1
DA:11,0
DA:12,0
DA:15,0
DA:16,0
DA:19,0
DA:26,0
LF:10
LH:4
BRDA:0,1,0,1
BRDA:0,1,1,0
BRDA:0,2,0,1
BRDA:0,2,1,1
BRDA:11,3,0,0
BRDA:11,3,1,0
BRDA:11,4,0,0
BRDA:11,4,1,0
BRDA:15,5,0,0
BRDA:15,5,1,0
BRDA:26,6,0,0
BRDA:26,6,1,0
BRDA:26,6,2,0
BRF:13
BRH:4
end_of_record
TN:
SF:/Library/WebServer/Documents/eleven/src/query/manipulation/prepend.js
FN:0,_interopRequireDefault
FN:9,(anonymous_2)
FN:10,(anonymous_3)
FNF:3
FNH:2
FNDA:1,_interopRequireDefault
FNDA:3,(anonymous_2)
FNDA:0,(anonymous_3)
DA:0,1
DA:1,1
DA:2,1
DA:9,1
DA:10,3
DA:11,0
DA:14,0
DA:15,0
DA:16,0
DA:19,0
DA:21,0
LF:11
LH:5
BRDA:0,1,0,1
BRDA:0,1,1,0
BRDA:0,2,0,1
BRDA:0,2,1,1
BRDA:14,3,0,0
BRDA:14,3,1,0
BRF:6
BRH:4
end_of_record
TN:
SF:/Library/WebServer/Documents/eleven/src/query/manipulation/text.js
FN:0,_interopRequireDefault
FN:9,(anonymous_2)
FNF:2
FNH:1
FNDA:1,_interopRequireDefault
FNDA:0,(anonymous_2)
DA:0,1
DA:1,1
DA:9,1
DA:10,0
DA:11,0
DA:14,0
DA:15,0
DA:18,0
DA:21,0
DA:22,0
DA:24,0
DA:25,0
DA:27,0
DA:28,0
DA:30,0
DA:34,0
DA:37,0
LF:17
LH:3
BRDA:0,1,0,1
BRDA:0,1,1,0
BRDA:0,2,0,1
BRDA:0,2,1,1
BRDA:10,3,0,0
BRDA:10,3,1,0
BRDA:14,4,0,0
BRDA:14,4,1,0
BRDA:24,5,0,0
BRDA:24,5,1,0
BRDA:27,6,0,0
BRDA:27,6,1,0
BRF:12
BRH:4
end_of_record
TN:
SF:/Library/WebServer/Documents/eleven/src/query/manipulation/wrap.js
FN:0,_interopRequireDefault
FN:7,(anonymous_2)
FNF:2
FNH:1
FNDA:1,_interopRequireDefault
FNDA:0,(anonymous_2)
DA:0,1
DA:1,1
DA:7,1
DA:8,0
DA:12,0
DA:17,0
DA:18,0
DA:19,0
DA:22,0
LF:9
LH:3
BRDA:0,1,0,1
BRDA:0,1,1,0
BRDA:0,2,0,1
BRDA:0,2,1,1
BRDA:8,3,0,0
BRDA:8,3,1,0
BRDA:19,4,0,0
BRDA:19,4,1,0
BRF:8
BRH:4
end_of_record
TN:
SF:/Library/WebServer/Documents/eleven/src/query/support/browser.js
FN:0,_interopRequireDefault
FN:5,(anonymous_2)
FNF:2
FNH:2
FNDA:2,_interopRequireDefault
FNDA:1,(anonymous_2)
DA:0,2
DA:1,1
DA:2,1
DA:3,1
DA:5,1
DA:6,1
DA:7,1
DA:8,1
DA:16,1
DA:17,1
DA:18,1
DA:20,1
LF:12
LH:12
BRDA:0,1,0,2
BRDA:0,1,1,0
BRDA:0,2,0,2
BRDA:0,2,1,2
BRDA:16,3,0,1
BRDA:16,3,1,0
BRDA:21,4,0,1
BRDA:21,4,1,1
BRDA:24,5,0,1
BRDA:24,5,1,0
BRDA:25,6,0,1
BRDA:25,6,1,1
BRDA:26,7,0,1
BRDA:26,7,1,0
BRDA:29,8,0,1
BRDA:29,8,1,0
BRDA:30,9,0,0
BRDA:30,9,1,1
BRF:18
BRH:13
end_of_record
TN:
SF:/Library/WebServer/Documents/eleven/src/common/navigator.js
FN:0,_interopRequireDefault
FNF:1
FNH:1
FNDA:1,_interopRequireDefault
DA:0,1
DA:1,1
DA:3,1
DA:5,1
DA:7,1
LF:5
LH:5
BRDA:0,1,0,1
BRDA:0,1,1,0
BRDA:0,2,0,1
BRDA:0,2,1,1
BRF:4
BRH:4
end_of_record
TN:
SF:/Library/WebServer/Documents/eleven/src/query/support/device.js
FN:0,_interopRequireDefault
FN:5,(anonymous_2)
FN:8,(anonymous_3)
FN:17,orientation
FNF:4
FNH:3
FNDA:2,_interopRequireDefault
FNDA:1,(anonymous_2)
FNDA:1,(anonymous_3)
FNDA:0,orientation
DA:0,2
DA:1,1
DA:2,1
DA:3,1
DA:5,1
DA:6,1
DA:7,1
DA:8,1
DA:10,1
DA:17,0
LF:10
LH:9
BRDA:0,1,0,2
BRDA:0,1,1,0
BRDA:0,2,0,2
BRDA:0,2,1,2
BRDA:8,3,0,1
BRDA:8,3,1,0
BRDA:8,3,2,0
BRDA:17,4,0,0
BRDA:17,4,1,0
BRF:9
BRH:5
end_of_record
TN:
SF:/Library/WebServer/Documents/eleven/src/query/support/feature.js
FN:0,(anonymous_1)
FN:0,(anonymous_2)
FN:0,_interopRequireDefault
FN:6,supports
FNF:4
FNH:4
FNDA:1,(anonymous_1)
FNDA:0,(anonymous_2)
FNDA:2,_interopRequireDefault
FNDA:4,supports
DA:0,2
DA:1,1
DA:2,1
DA:3,1
DA:4,1
DA:6,1
DA:7,4
DA:10,1
LF:8
LH:8
BRDA:0,1,0,1
BRDA:0,1,1,0
BRDA:0,2,0,1
BRDA:0,2,1,1
BRDA:0,3,0,0
BRDA:0,3,1,0
BRDA:0,4,0,0
BRDA:0,4,1,0
BRDA:0,4,2,0
BRDA:0,4,3,0
BRDA:0,5,0,2
BRDA:0,5,1,0
BRDA:0,6,0,2
BRDA:0,6,1,2
BRDA:15,7,0,1
BRDA:15,7,1,1
BRDA:18,8,0,1
BRDA:18,8,1,1
BRDA:19,9,0,1
BRDA:19,9,1,1
BRF:20
BRH:20
end_of_record
TN:
SF:/Library/WebServer/Documents/eleven/src/query/support/os.js
FN:0,_interopRequireDefault
FN:4,(anonymous_2)
FNF:2
FNH:2
FNDA:1,_interopRequireDefault
FNDA:1,(anonymous_2)
DA:0,1
DA:1,1
DA:2,1
DA:4,1
DA:5,1
DA:6,1
DA:7,1
DA:9,1
DA:10,0
DA:13,1
DA:14,0
DA:17,1
DA:18,1
DA:21,0
LF:14
LH:11
BRDA:0,1,0,1
BRDA:0,1,1,0
BRDA:0,2,0,1
BRDA:0,2,1,1
BRDA:9,3,0,0
BRDA:9,3,1,1
BRDA:13,4,0,0
BRDA:13,4,1,1
BRDA:13,5,0,1
BRDA:13,5,1,0
BRDA:17,6,0,1
BRDA:17,6,1,0
BRF:12
BRH:8
end_of_record
TN:
SF:/Library/WebServer/Documents/eleven/src/query/traversing/ancestors.js
FN:0,_interopRequireDefault
FN:11,closest
FN:33,offsetParent
FN:34,(anonymous_4)
FN:49,parent
FN:69,parents
FN:78,(anonymous_7)
FNF:7
FNH:1
FNDA:1,_interopRequireDefault
FNDA:0,closest
FNDA:0,offsetParent
FNDA:0,(anonymous_4)
FNDA:0,parent
FNDA:0,parents
FNDA:0,(anonymous_7)
DA:0,1
DA:1,1
DA:2,1
DA:4,1
DA:12,0
DA:13,0
DA:16,0
DA:19,0
DA:20,0
DA:23,0
DA:24,0
DA:27,0
DA:34,0
DA:35,0
DA:37,0
DA:38,0
DA:41,0
DA:50,0
DA:52,0
DA:53,0
DA:56,0
DA:57,0
DA:59,0
DA:62,0
DA:70,0
DA:71,0
DA:74,0
DA:77,0
DA:78,0
DA:79,0
DA:81,0
DA:82,0
DA:87,0
DA:89,0
LF:34
LH:4
BRDA:0,1,0,1
BRDA:0,1,1,0
BRDA:0,2,0,1
BRDA:0,2,1,1
BRDA:12,3,0,0
BRDA:12,3,1,0
BRDA:19,4,0,0
BRDA:19,4,1,0
BRDA:23,5,0,0
BRDA:23,5,1,0
BRDA:24,6,0,0
BRDA:24,6,1,0
BRDA:24,6,2,0
BRDA:27,7,0,0
BRDA:27,7,1,0
BRDA:35,8,0,0
BRDA:35,8,1,0
BRDA:37,9,0,0
BRDA:37,9,1,0
BRDA:37,9,2,0
BRDA:52,10,0,0
BRDA:52,10,1,0
BRDA:56,11,0,0
BRDA:56,11,1,0
BRDA:59,12,0,0
BRDA:59,12,1,0
BRDA:70,13,0,0
BRDA:70,13,1,0
BRDA:81,14,0,0
BRDA:81,14,1,0
BRDA:81,15,0,0
BRDA:81,15,1,0
BRDA:81,15,2,0
BRDA:82,16,0,0
BRDA:82,16,1,0
BRDA:87,17,0,0
BRDA:87,17,1,0
BRF:37
BRH:4
end_of_record
TN:
SF:/Library/WebServer/Documents/eleven/src/query/traversing/descendants.js
FN:0,_interopRequireDefault
FN:0,_toConsumableArray
FN:10,(anonymous_3)
FN:32,children
FN:57,siblings
FNF:5
FNH:2
FNDA:1,_interopRequireDefault
FNDA:0,_toConsumableArray
FNDA:0,(anonymous_3)
FNDA:0,children
FNDA:0,siblings
DA:0,1
DA:1,1
DA:2,1
DA:10,1
DA:11,0
DA:13,0
DA:14,0
DA:17,0
DA:18,0
DA:19,0
DA:23,0
DA:26,1
DA:33,0
DA:35,0
DA:36,0
DA:39,0
DA:40,0
DA:42,0
DA:45,0
DA:46,0
DA:50,0
DA:58,0
DA:60,0
DA:61,0
DA:64,0
DA:67,0
DA:68,0
DA:69,0
DA:72,0
DA:73,0
DA:74,0
DA:79,0
LF:32
LH:5
BRDA:0,1,0,1
BRDA:0,1,1,0
BRDA:0,2,0,1
BRDA:0,2,1,1
BRDA:0,3,0,0
BRDA:0,3,1,0
BRDA:13,4,0,0
BRDA:13,4,1,0
BRDA:18,5,0,0
BRDA:18,5,1,0
BRDA:18,6,0,0
BRDA:18,6,1,0
BRDA:35,7,0,0
BRDA:35,7,1,0
BRDA:39,8,0,0
BRDA:39,8,1,0
BRDA:60,9,0,0
BRDA:60,9,1,0
BRDA:67,10,0,0
BRDA:67,10,1,0
BRDA:68,11,0,0
BRDA:68,11,1,0
BRDA:69,12,0,0
BRDA:69,12,1,0
BRDA:73,13,0,0
BRDA:73,13,1,0
BRDA:74,14,0,0
BRDA:74,14,1,0
BRF:28
BRH:6
end_of_record
TN:
SF:/Library/WebServer/Documents/eleven/src/query/traversing/position.js
FN:0,_interopRequireDefault
FN:11,eq
FN:18,first
FN:26,get
FN:33,last
FNF:5
FNH:1
FNDA:1,_interopRequireDefault
FNDA:0,eq
FNDA:0,first
FNDA:0,get
FNDA:0,last
DA:0,1
DA:1,1
DA:2,1
DA:4,1
DA:12,0
DA:19,0
DA:27,0
DA:34,0
LF:8
LH:4
BRDA:0,1,0,1
BRDA:0,1,1,0
BRDA:0,2,0,1
BRDA:0,2,1,1
BRDA:12,3,0,0
BRDA:12,3,1,0
BRDA:27,4,0,0
BRDA:27,4,1,0
BRDA:27,5,0,0
BRDA:27,5,1,0
BRF:10
BRH:4
end_of_record
TN:
SF:/Library/WebServer/Documents/eleven/src/query/traversing/traversing.js
FN:0,_interopRequireDefault
FN:11,contents
FN:12,name
FN:22,match
FN:27,matches
FN:43,add
FN:50,contents
FN:58,filter
FN:59,(anonymous_9)
FN:66,find
FN:76,(anonymous_11)
FN:90,(anonymous_12)
FN:91,(anonymous_13)
FN:100,(anonymous_14)
FN:120,(anonymous_15)
FN:121,(anonymous_16)
FN:131,(anonymous_17)
FNF:17
FNH:3
FNDA:1,_interopRequireDefault
FNDA:0,contents
FNDA:0,name
FNDA:0,match
FNDA:0,matches
FNDA:0,add
FNDA:0,contents
FNDA:0,filter
FNDA:0,(anonymous_9)
FNDA:0,find
FNDA:0,(anonymous_11)
FNDA:2,(anonymous_12)
FNDA:0,(anonymous_13)
FNDA:0,(anonymous_14)
FNDA:2,(anonymous_15)
FNDA:0,(anonymous_16)
FNDA:0,(anonymous_17)
DA:0,1
DA:1,1
DA:2,1
DA:3,1
DA:5,1
DA:12,0
DA:14,0
DA:23,0
DA:27,0
DA:28,0
DA:29,0
DA:32,0
DA:36,1
DA:44,0
DA:51,0
DA:59,0
DA:67,0
DA:69,0
DA:70,0
DA:73,0
DA:74,0
DA:76,0
DA:79,0
DA:90,1
DA:91,2
DA:92,0
DA:93,0
DA:96,0
DA:99,0
DA:100,0
DA:101,0
DA:103,0
DA:104,0
DA:109,0
DA:111,0
DA:120,1
DA:121,2
DA:123,0
DA:124,0
DA:127,0
DA:128,0
DA:129,0
DA:131,0
DA:132,0
DA:133,0
DA:137,0
LF:46
LH:10
BRDA:0,1,0,1
BRDA:0,1,1,0
BRDA:0,2,0,1
BRDA:0,2,1,1
BRDA:12,3,0,0
BRDA:12,3,1,0
BRDA:14,4,0,0
BRDA:14,4,1,0
BRDA:14,5,0,0
BRDA:14,5,1,0
BRDA:23,6,0,0
BRDA:23,6,1,0
BRDA:23,7,0,0
BRDA:23,7,1,0
BRDA:29,8,0,0
BRDA:29,8,1,0
BRDA:29,8,2,0
BRDA:32,9,0,0
BRDA:32,9,1,0
BRDA:51,10,0,0
BRDA:51,10,1,0
BRDA:59,11,0,0
BRDA:59,11,1,0
BRDA:69,12,0,0
BRDA:69,12,1,0
BRDA:69,13,0,0
BRDA:69,13,1,0
BRDA:73,14,0,0
BRDA:73,14,1,0
BRDA:92,15,0,0
BRDA:92,15,1,0
BRDA:103,16,0,0
BRDA:103,16,1,0
BRDA:103,17,0,0
BRDA:103,17,1,0
BRDA:103,17,2,0
BRDA:104,18,0,0
BRDA:104,18,1,0
BRDA:109,19,0,0
BRDA:109,19,1,0
BRDA:111,20,0,0
BRDA:111,20,1,0
BRDA:123,21,0,0
BRDA:123,21,1,0
BRDA:123,22,0,0
BRDA:123,22,1,0
BRDA:123,22,2,0
BRDA:132,23,0,0
BRDA:132,23,1,0
BRDA:132,24,0,0
BRDA:132,24,1,0
BRF:51
BRH:4
end_of_record
TN:
SF:/Library/WebServer/Documents/eleven/src/extend.js
FN:0,_interopRequireDefault
FN:45,(anonymous_2)
FNF:2
FNH:2
FNDA:1,_interopRequireDefault
FNDA:39,(anonymous_2)
DA:0,1
DA:1,1
DA:2,1
DA:5,1
DA:46,39
DA:49,1
LF:6
LH:6
BRDA:0,1,0,1
BRDA:0,1,1,0
BRDA:0,2,0,1
BRDA:0,2,1,1
BRF:4
BRH:4
end_of_record
TN:
SF:/Library/WebServer/Documents/eleven/src/agent/agent.js
FN:0,_interopRequireDefault
FN:12,error
FN:29,enable
FN:49,stop
FN:53,(anonymous_5)
FN:54,(anonymous_6)
FN:97,listen
FN:103,(anonymous_8)
FN:109,(anonymous_9)
FN:128,start
FN:136,stop
FN:157,resetView
FN:166,(anonymous_13)
FNF:13
FNH:1
FNDA:2,_interopRequireDefault
FNDA:0,error
FNDA:0,enable
FNDA:0,stop
FNDA:0,(anonymous_5)
FNDA:0,(anonymous_6)
FNDA:0,listen
FNDA:0,(anonymous_8)
FNDA:0,(anonymous_9)
FNDA:0,start
FNDA:0,stop
FNDA:0,resetView
FNDA:0,(anonymous_13)
DA:0,2
DA:1,1
DA:2,1
DA:3,1
DA:4,1
DA:6,1
DA:13,0
DA:15,0
DA:16,0
DA:18,0
DA:19,0
DA:30,0
DA:32,0
DA:34,0
DA:36,0
DA:38,0
DA:40,0
DA:42,0
DA:43,0
DA:48,0
DA:50,0
DA:51,0
DA:53,0
DA:54,0
DA:55,0
DA:60,0
DA:61,0
DA:62,0
DA:67,0
DA:68,0
DA:71,0
DA:72,0
DA:75,0
DA:77,0
DA:78,0
DA:81,0
DA:82,0
DA:84,0
DA:85,0
DA:89,0
DA:91,0
DA:98,0
DA:99,0
DA:100,0
DA:101,0
DA:102,0
DA:103,0
DA:104,0
DA:105,0
DA:109,0
DA:110,0
DA:111,0
DA:112,0
DA:113,0
DA:116,0
DA:117,0
DA:120,0
DA:121,0
DA:122,0
DA:129,0
DA:130,0
DA:133,0
DA:137,0
DA:138,0
DA:139,0
DA:140,0
DA:143,0
DA:144,0
DA:147,0
DA:152,1
DA:157,0
DA:158,0
DA:159,0
DA:160,0
DA:163,0
DA:165,0
DA:166,0
DA:169,0
DA:173,0
LF:79
LH:7
BRDA:0,1,0,2
BRDA:0,1,1,0
BRDA:0,2,0,2
BRDA:0,2,1,2
BRDA:15,3,0,0
BRDA:15,3,1,0
BRDA:15,4,0,0
BRDA:15,4,1,0
BRDA:18,5,0,0
BRDA:18,5,1,0
BRDA:42,6,0,0
BRDA:42,6,1,0
BRDA:50,7,0,0
BRDA:50,7,1,0
BRDA:60,8,0,0
BRDA:60,8,1,0
BRDA:67,9,0,0
BRDA:67,9,1,0
BRDA:71,10,0,0
BRDA:71,10,1,0
BRDA:77,11,0,0
BRDA:77,11,1,0
BRDA:84,12,0,0
BRDA:84,12,1,0
BRDA:104,13,0,0
BRDA:104,13,1,0
BRDA:110,14,0,0
BRDA:110,14,1,0
BRDA:111,15,0,0
BRDA:111,15,1,0
BRDA:111,16,0,0
BRDA:111,16,1,0
BRDA:111,16,2,0
BRDA:112,17,0,0
BRDA:112,17,1,0
BRDA:129,18,0,0
BRDA:129,18,1,0
BRDA:137,19,0,0
BRDA:137,19,1,0
BRDA:143,20,0,0
BRDA:143,20,1,0
BRDA:157,21,0,0
BRDA:157,21,1,0
BRDA:157,22,0,0
BRDA:157,22,1,0
BRDA:158,23,0,0
BRDA:158,23,1,0
BRDA:165,24,0,0
BRDA:165,24,1,0
BRDA:165,25,0,0
BRDA:165,25,1,0
BRDA:166,26,0,0
BRDA:166,26,1,0
BRDA:169,27,0,0
BRDA:169,27,1,0
BRF:55
BRH:4
end_of_record
TN:
SF:/Library/WebServer/Documents/eleven/src/speech/speechRecognition.js
FN:0,_interopRequireDefault
FNF:1
FNH:1
FNDA:1,_interopRequireDefault
DA:0,1
DA:1,1
DA:4,1
LF:3
LH:3
BRDA:0,1,0,1
BRDA:0,1,1,0
BRDA:0,2,0,1
BRDA:0,2,1,1
BRDA:4,3,0,1
BRDA:4,3,1,1
BRDA:4,3,2,0
BRDA:4,3,3,0
BRDA:4,3,4,0
BRF:9
BRH:6
end_of_record
TN:
SF:/Library/WebServer/Documents/eleven/src/commands/commands.js
FN:0,_interopRequireDefault
FN:33,addCommands
FN:68,registerCommands
FN:101,removeCommands
FN:117,(anonymous_5)
FNF:5
FNH:1
FNDA:2,_interopRequireDefault
FNDA:0,addCommands
FNDA:0,registerCommands
FNDA:0,removeCommands
FNDA:0,(anonymous_5)
DA:0,2
DA:1,1
DA:2,1
DA:4,1
DA:34,0
DA:36,0
DA:37,0
DA:38,0
DA:41,0
DA:42,0
DA:44,0
DA:45,0
DA:46,0
DA:48,0
DA:49,0
DA:52,0
DA:53,0
DA:59,0
DA:69,0
DA:70,0
DA:73,0
DA:75,0
DA:76,0
DA:102,0
DA:103,0
DA:106,0
DA:107,0
DA:108,0
DA:111,0
DA:113,0
DA:114,0
DA:117,0
DA:118,0
DA:119,0
DA:123,0
LF:35
LH:4
BRDA:0,1,0,2
BRDA:0,1,1,0
BRDA:0,2,0,2
BRDA:0,2,1,2
BRDA:36,3,0,0
BRDA:36,3,1,0
BRDA:44,4,0,0
BRDA:44,4,1,0
BRDA:45,5,0,0
BRDA:45,5,1,0
BRDA:48,6,0,0
BRDA:48,6,1,0
BRDA:48,7,0,0
BRDA:48,7,1,0
BRDA:52,8,0,0
BRDA:52,8,1,0
BRDA:69,9,0,0
BRDA:69,9,1,0
BRDA:75,10,0,0
BRDA:75,10,1,0
BRDA:102,11,0,0
BRDA:102,11,1,0
BRDA:102,12,0,0
BRDA:102,12,1,0
BRDA:103,13,0,0
BRDA:103,13,1,0
BRDA:106,14,0,0
BRDA:106,14,1,0
BRDA:113,15,0,0
BRDA:113,15,1,0
BRDA:118,16,0,0
BRDA:118,16,1,0
BRF:32
BRH:4
end_of_record
TN:
SF:/Library/WebServer/Documents/eleven/src/commands/commandsParser.js
FN:0,_interopRequireDefault
FN:3,parser
FN:7,(anonymous_3)
FNF:3
FNH:1
FNDA:1,_interopRequireDefault
FNDA:0,parser
FNDA:0,(anonymous_3)
DA:0,1
DA:1,1
DA:3,1
DA:4,0
DA:7,0
DA:11,0
DA:14,1
LF:7
LH:4
BRDA:0,1,0,1
BRDA:0,1,1,0
BRDA:0,2,0,1
BRDA:0,2,1,1
BRDA:7,3,0,0
BRDA:7,3,1,0
BRF:6
BRH:4
end_of_record
TN:
SF:/Library/WebServer/Documents/eleven/src/plugins/plugins.js
FN:0,_interopRequireDefault
FN:11,(anonymous_2)
FN:34,getPlugin
FN:47,plugin
FNF:4
FNH:1
FNDA:1,_interopRequireDefault
FNDA:0,(anonymous_2)
FNDA:0,getPlugin
FNDA:0,plugin
DA:0,1
DA:1,1
DA:4,1
DA:11,1
DA:12,0
DA:13,0
DA:14,0
DA:16,0
DA:23,1
DA:35,0
DA:36,0
DA:39,0
DA:47,0
DA:48,0
DA:50,0
DA:51,0
DA:54,0
DA:55,0
DA:56,0
DA:58,0
DA:61,0
LF:21
LH:5
BRDA:0,1,0,1
BRDA:0,1,1,0
BRDA:0,2,0,1
BRDA:0,2,1,1
BRDA:12,3,0,0
BRDA:12,3,1,0
BRDA:13,4,0,0
BRDA:13,4,1,0
BRDA:35,5,0,0
BRDA:35,5,1,0
BRDA:47,6,0,0
BRDA:47,6,1,0
BRDA:47,7,0,0
BRDA:47,7,1,0
BRDA:48,8,0,0
BRDA:48,8,1,0
BRDA:48,9,0,0
BRDA:48,9,1,0
BRDA:50,10,0,0
BRDA:50,10,1,0
BRDA:55,11,0,0
BRDA:55,11,1,0
BRDA:55,12,0,0
BRDA:55,12,1,0
BRF:24
BRH:4
end_of_record
TN:
SF:/Library/WebServer/Documents/eleven/src/speech/speak.js
FN:0,_interopRequireDefault
FN:4,(anonymous_2)
FN:24,(anonymous_3)
FN:41,(anonymous_4)
FN:52,(anonymous_5)
FN:67,(anonymous_6)
FNF:6
FNH:1
FNDA:2,_interopRequireDefault
FNDA:0,(anonymous_2)
FNDA:0,(anonymous_3)
FNDA:0,(anonymous_4)
FNDA:0,(anonymous_5)
FNDA:0,(anonymous_6)
DA:0,2
DA:1,1
DA:2,1
DA:4,1
DA:5,0
DA:7,0
DA:9,0
DA:11,0
DA:13,0
DA:15,0
DA:16,0
DA:19,0
DA:20,0
DA:21,0
DA:24,0
DA:26,0
DA:28,0
DA:40,0
DA:41,0
DA:42,0
DA:43,0
DA:45,0
DA:46,0
DA:51,0
DA:52,0
DA:54,0
DA:55,0
DA:59,0
DA:61,0
DA:62,0
DA:67,0
DA:68,0
DA:69,0
DA:73,0
LF:34
LH:4
BRDA:0,1,0,2
BRDA:0,1,1,0
BRDA:0,2,0,2
BRDA:0,2,1,2
BRDA:4,3,0,0
BRDA:4,3,1,0
BRDA:4,4,0,0
BRDA:4,4,1,0
BRDA:15,5,0,0
BRDA:15,5,1,0
BRDA:19,6,0,0
BRDA:19,6,1,0
BRDA:31,7,0,0
BRDA:31,7,1,0
BRDA:32,8,0,0
BRDA:32,8,1,0
BRDA:33,9,0,0
BRDA:33,9,1,0
BRDA:40,10,0,0
BRDA:40,10,1,0
BRDA:45,11,0,0
BRDA:45,11,1,0
BRDA:51,12,0,0
BRDA:51,12,1,0
BRDA:54,13,0,0
BRDA:54,13,1,0
BRDA:61,14,0,0
BRDA:61,14,1,0
BRDA:68,15,0,0
BRDA:68,15,1,0
BRF:30
BRH:4
end_of_record
TN:
SF:/Library/WebServer/Documents/eleven/src/speech/speechSynthesis.js
FN:0,_interopRequireDefault
FNF:1
FNH:1
FNDA:1,_interopRequireDefault
DA:0,1
DA:1,1
DA:3,1
LF:3
LH:3
BRDA:0,1,0,1
BRDA:0,1,1,0
BRDA:0,2,0,1
BRDA:0,2,1,1
BRF:4
BRH:4
end_of_record
TN:
SF:/Library/WebServer/Documents/eleven/src/speech/speechParser.js
FN:0,_interopRequireDefault
FN:4,parser
FN:11,(anonymous_3)
FN:21,(anonymous_4)
FN:35,(anonymous_5)
FN:46,evaluate
FN:87,result
FN:97,(anonymous_8)
FNF:8
FNH:1
FNDA:1,_interopRequireDefault
FNDA:0,parser
FNDA:0,(anonymous_3)
FNDA:0,(anonymous_4)
FNDA:0,(anonymous_5)
FNDA:0,evaluate
FNDA:0,result
FNDA:0,(anonymous_8)
DA:0,1
DA:1,1
DA:3,1
DA:5,0
DA:7,0
DA:8,0
DA:11,0
DA:12,0
DA:13,0
DA:14,0
DA:17,0
DA:18,0
DA:21,0
DA:22,0
DA:24,0
DA:25,0
DA:28,0
DA:29,0
DA:32,0
DA:33,0
DA:35,0
DA:39,0
DA:40,0
DA:43,0
DA:47,0
DA:49,0
DA:50,0
DA:51,0
DA:52,0
DA:53,0
DA:55,0
DA:56,0
DA:58,0
DA:60,0
DA:61,0
DA:63,0
DA:64,0
DA:68,0
DA:70,0
DA:71,0
DA:74,0
DA:76,0
DA:78,0
DA:84,0
DA:88,0
DA:89,0
DA:91,0
DA:92,0
DA:93,0
DA:94,0
DA:95,0
DA:97,0
DA:98,0
DA:99,0
DA:103,0
DA:104,0
DA:105,0
DA:106,0
DA:107,0
DA:110,0
DA:111,0
DA:112,0
DA:116,0
DA:117,0
DA:122,0
LF:65
LH:3
BRDA:0,1,0,1
BRDA:0,1,1,0
BRDA:0,2,0,1
BRDA:0,2,1,1
BRDA:7,3,0,0
BRDA:7,3,1,0
BRDA:12,4,0,0
BRDA:12,4,1,0
BRDA:12,5,0,0
BRDA:12,5,1,0
BRDA:24,6,0,0
BRDA:24,6,1,0
BRDA:28,7,0,0
BRDA:28,7,1,0
BRDA:32,8,0,0
BRDA:32,8,1,0
BRDA:39,9,0,0
BRDA:39,9,1,0
BRDA:51,10,0,0
BRDA:51,10,1,0
BRDA:55,11,0,0
BRDA:55,11,1,0
BRDA:60,12,0,0
BRDA:60,12,1,0
BRDA:63,13,0,0
BRDA:63,13,1,0
BRDA:70,14,0,0
BRDA:70,14,1,0
BRDA:91,15,0,0
BRDA:91,15,1,0
BRDA:92,16,0,0
BRDA:92,16,1,0
BRDA:103,17,0,0
BRDA:103,17,1,0
BRDA:104,18,0,0
BRDA:104,18,1,0
BRDA:104,19,0,0
BRDA:104,19,1,0
BRDA:111,20,0,0
BRDA:111,20,1,0
BRDA:116,21,0,0
BRDA:116,21,1,0
BRF:42
BRH:4
end_of_record
TN:
SF:/Library/WebServer/Documents/eleven/src/speech/speechVoices.js
FN:0,_interopRequireDefault
FN:6,voices
FN:8,(anonymous_3)
FN:12,(anonymous_4)
FN:19,(anonymous_5)
FNF:5
FNH:1
FNDA:3,_interopRequireDefault
FNDA:0,voices
FNDA:0,(anonymous_3)
FNDA:0,(anonymous_4)
FNDA:0,(anonymous_5)
DA:0,3
DA:1,1
DA:2,1
DA:3,1
DA:5,1
DA:8,0
DA:9,0
DA:12,0
DA:13,0
DA:14,0
DA:16,0
DA:18,0
DA:19,0
DA:20,0
DA:22,0
DA:24,0
DA:27,0
LF:17
LH:5
BRDA:0,1,0,3
BRDA:0,1,1,0
BRDA:0,2,0,3
BRDA:0,2,1,3
BRDA:13,3,0,0
BRDA:13,3,1,0
BRDA:18,4,0,0
BRDA:18,4,1,0
BRDA:20,5,0,0
BRDA:20,5,1,0
BRDA:27,6,0,0
BRDA:27,6,1,0
BRF:12
BRH:4
end_of_record
TN:
SF:/Library/WebServer/Documents/eleven/src/speech/speechSynthesisOverrides.js
FNF:0
FNH:0
DA:0,1
DA:1,1
DA:70,1
LF:3
LH:3
BRF:0
BRH:0
end_of_record
TN:
SF:/Library/WebServer/Documents/eleven/src/visualizer/visualizer.js
FN:0,_interopRequireDefault
FN:4,visualize
FN:12,getVisualizer
FN:25,Curve
FN:34,respawn
FN:40,equation
FN:51,paint
FN:89,draw
FN:95,Visualizer
FN:159,clear
FN:165,interpolate
FN:179,paint
FN:185,startDrawCycle
FN:205,setAmplitude
FN:209,setSpeed
FN:213,start
FN:224,stop
FNF:17
FNH:1
FNDA:1,_interopRequireDefault
FNDA:0,visualize
FNDA:0,getVisualizer
FNDA:0,Curve
FNDA:0,respawn
FNDA:0,equation
FNDA:0,paint
FNDA:0,draw
FNDA:0,Visualizer
FNDA:0,clear
FNDA:0,interpolate
FNDA:0,paint
FNDA:0,startDrawCycle
FNDA:0,setAmplitude
FNDA:0,setSpeed
FNDA:0,start
FNDA:0,stop
DA:0,1
DA:1,1
DA:3,1
DA:5,0
DA:13,0
DA:14,0
DA:17,0
DA:25,1
DA:26,0
DA:27,0
DA:28,0
DA:29,0
DA:30,0
DA:33,1
DA:35,0
DA:36,0
DA:37,0
DA:41,0
DA:44,0
DA:45,0
DA:48,0
DA:52,0
DA:53,0
DA:54,0
DA:55,0
DA:56,0
DA:58,0
DA:60,0
DA:62,0
DA:63,0
DA:64,0
DA:65,0
DA:67,0
DA:69,0
DA:72,0
DA:73,0
DA:74,0
DA:76,0
DA:77,0
DA:79,0
DA:81,0
DA:82,0
DA:84,0
DA:85,0
DA:86,0
DA:90,0
DA:91,0
DA:95,1
DA:96,0
DA:103,0
DA:104,0
DA:105,0
DA:106,0
DA:107,0
DA:108,0
DA:109,0
DA:110,0
DA:111,0
DA:112,0
DA:113,0
DA:115,0
DA:116,0
DA:118,0
DA:123,0
DA:124,0
DA:125,0
DA:127,0
DA:128,0
DA:130,0
DA:131,0
DA:134,0
DA:136,0
DA:138,0
DA:140,0
DA:141,0
DA:143,0
DA:144,0
DA:152,1
DA:160,0
DA:161,0
DA:162,0
DA:166,0
DA:168,0
DA:169,0
DA:171,0
DA:172,0
DA:174,0
DA:180,0
DA:181,0
DA:186,0
DA:190,0
DA:192,0
DA:193,0
DA:195,0
DA:196,0
DA:198,0
DA:199,0
DA:201,0
DA:206,0
DA:210,0
DA:214,0
DA:215,0
DA:216,0
DA:217,0
DA:218,0
DA:219,0
DA:221,0
DA:225,0
DA:226,0
DA:227,0
DA:228,0
DA:229,0
DA:230,0
LF:113
LH:7
BRDA:0,1,0,1
BRDA:0,1,1,0
BRDA:0,2,0,1
BRDA:0,2,1,1
BRDA:13,3,0,0
BRDA:13,3,1,0
BRDA:26,4,0,0
BRDA:26,4,1,0
BRDA:44,5,0,0
BRDA:44,5,1,0
BRDA:65,6,0,0
BRDA:65,6,1,0
BRDA:107,7,0,0
BRDA:107,7,1,0
BRDA:108,8,0,0
BRDA:108,8,1,0
BRDA:108,8,2,0
BRDA:109,9,0,0
BRDA:109,9,1,0
BRDA:110,10,0,0
BRDA:110,10,1,0
BRDA:127,11,0,0
BRDA:127,11,1,0
BRDA:168,12,0,0
BRDA:168,12,1,0
BRDA:171,13,0,0
BRDA:171,13,1,0
BRDA:186,14,0,0
BRDA:186,14,1,0
BRDA:198,15,0,0
BRDA:198,15,1,0
BRF:31
BRH:4
end_of_record
TN:
SF:/Library/WebServer/Documents/eleven/src/common/strings.js
FNF:0
FNH:0
DA:0,1
DA:1,1
DA:3,1
LF:3
LH:3
BRF:0
BRH:0
end_of_record
TN:
SF:/Library/WebServer/Documents/eleven/src/index.js
FN:0,_interopRequireDefault
FN:3,(anonymous_2)
FNF:2
FNH:2
FNDA:1,_interopRequireDefault
FNDA:1,(anonymous_2)
DA:0,1
DA:1,1
DA:3,1
LF:3
LH:3
BRDA:0,1,0,1
BRDA:0,1,1,0
BRDA:0,2,0,1
BRDA:0,2,1,1
BRDA:3,3,0,1
BRDA:3,3,1,1
BRDA:3,4,0,0
BRDA:3,4,1,1
BRF:8
BRH:7
end_of_record
